6940
5932
6310
6667
6205
6415
6142
6352
6394
6835
6604
6646
8074
6541
6604
7045
7108
5932
6541
6646
7066
6646
8515
6856
7150
6352
7318
7402
7024
6919
7360
7423
7948
6436
7192
7570
7213
7192
6646
6835
6814
8452
7423
7612
6352
6625
5806
6499
6520
6205
7717
8578
5932
7297
6940
7150
7801
7003
7528
5575
6730
6604
7066
6814
7108
7003
6898
7045
6835
6142
5890
7612
6604
7633
6772
6940
6730
7150
8032
8137
6856
7339
7045
6793
6121
7213
7129
7297
7360
6730
7276
6751
6625
6457
6919
6646
7087
7276
8242
7171
6625
7108
6856
6667
6100
6709
7780
7150
6898
6814
7906
6646
6667
6835
5911
7129
8767
6478
6373
6121
6751
6730
6940
7822
5974
7171
6646
6835
7843
7066
6814
7633
6709
6604
4672
6898
5155
6730
7444
7129
7801
7402
6730
6562
6415
7780
7738
7570
6919
7171
6982
6793
7381
7066
7612
6541
7339
6709
7927
7171
7633
6604
7654
6436
7108
9397
7591
7339
7465
6058
6709
7339
6079
6667
6835
6961
7927
7087
6835
7591
7717
7171
8179
7360
7654
7360
7297
7066
6709
6079
7024
6793
7066
6751
7318
6583
7087
6625
7318
7192
6205
7318
6730
7297
7045
7150
7234
6415
7171
7297
7150
6940
6394
7108
6499
7129
7423
7402
6961
6730
5869
6667
6856
7402
6142
7045
8368
7654
7318
8200
6877
6436
7066
8368
6604
8410
7360
7780
6541
6898
8053
6772
6919
7045
6793
6604
7402
7570
7360
7045
7528
7654
6478
7486
7843
6751
6709
7318
7822
7402
6625
6961
6730
7717
7066
7066
6310
8389
8032
6352
7213
8074
7087
7633
7192
9145
7297
7066
8998
8872
9229
7129
6856
6877
7381
6142
7423
6667
8599
6730
7381
6436
6940
7045
7066
7087
7045
7150
6940
8011
6793
7171
6667
6814
6289
6730
7276
6730
6919
6814
7423
6268
6268
6814
8179
6520
7885
6562
6646
7066
6373
7339
6184
6667
5953
6709
6562
7045
6415
6919
7129
7108
8767
6205
7192
7738
8032
6814
7129
8074
7906
7969
7696
7528
7423
7465
7150
8137
6898
6247
8053
7633
7192
7297
8032
6184
6772
6625
6856
7234
6982
7150
7087
7171
7423
6373
6856
6415
8074
7717
7486
7696
7087
6373
6856
7318
6793
7150
7024
6919
7066
8473
6205
6814
7192
7066
7507
8158
6226
6457
7381
6499
6982
6541
7717
7843
7066
7885
7444
6898
6646
6646
6919
6688
6835
6310
6289
6121
6415
6079
6205
6121
6037
7255
5890
6646
7843
7108
6016
6268
8179
6814
6730
6835
5827
6751
6877
5890
7066
5995
5470
6877
8410
5365
6415
6898
6436
7171
6625
7276
7318
6625
6793
7759
6751
7801
7402
7486
7423
7570
6499
7339
7087
6352
6121
7780
6604
7444
6478
6772
7087
8095
6730
7444
6751
8704
6919
7234
6856
7066
6940
7654
7444
6457
7486
6856
8032
8389
7129
7297
6646
6919
8767
7339
7549
7990
7108
7696
7297
6625
6646
8032
7990
8053
7255
7066
7360
8515
7045
6562
6814
8158
6709
6688
5890
6436
5260
7066
6961
6730
7108
6058
7213
6793
8137
7906
6520
7171
6835
6310
6793
6562
7171
6541
7696
7297
7444
7444
6457
8032
7738
5029
7087
6436
7885
7990
7801
6688
7087
6457
7927
7339
7276
8137
7381
6100
6625
7150
6646
7045
7066
6856
6898
5911
7444
7255
7360
7045
7969
7549
7444
6583
6583
6478
6898
7129
7255
6709
6562
7297
7108
6772
6898
6667
7990
6583
6415
7549
6352
7045
7150
6646
6625
6163
6667
7045
6688
7087
7360
7150
6835
7213
6352
6751
6226
7864
7528
7591
6856
7360
7339
7402
5785
6667
6730
7045
6835
6982
7108
7024
6772
6499
7087
6583
6268
6688
5974
6856
7885
6772
6814
6562
7549
7591
6415
7969
5491
6814
6352
7339
5176
7969
5260
6646
7213
7087
7318
7402
6457
6772
6562
6961
8242
6604
7276
6205
7297
7108
7780
8095
6688
6562
8137
6814
7465
7129
8452
6667
6730
7549
6898
6121
6499
6982
6646
7339
6289
7528
7024
7255
6520
6625
7297
6856
8032
8137
7402
7528
7318
6688
6877
6562
7234
8116
8053
8053
7822
6772
7192
6793
7339
7969
7003
8242
7402
7570
7255
7045
8032
5953
6646
7045
7066
6730
5995
6646
5932
6772
6772
6667
6982
6856
6646
6478
7045
5764
6961
6877
7087
6373
8326
6541
6331
6898
6583
7948
6919
7822
8620
7486
7969
7255
7822
4861
7045
6730
6940
7612
6646
7255
6856
8599
7402
6646
7717
6793
7864
7402
6814
7612
5953
7108
7465
6982
6856
7360
7192
7108
9439
7066
8221
8116
6688
7381
7003
7192
7486
7528
6835
8284
9040
6667
8305
6898
7549
7738
6835
7255
7717
7087
6646
7213
6814
7528
6646
7654
7780
7213
8389
6583
6835
6625
5932
7633
7612
5638
6310
7822
7234
6877
7234
7297
6730
7129
6961
6961
6646
6667
7066
6499
6289
6919
7087
6982
7297
6898
6247
6898
6709
5806
6709
5911
6163
6940
7318
6667
7150
6079
6814
4840
6940
7234
6982
6604
8116
7066
6667
7591
6814
7633
7003
6982
7780
7171
7675
8011
6961
7507
7423
7129
6877
7570
6982
5827
7696
7885
6709
7297
7843
6058
6478
7528
7696
6772
7024
7234
7654
7318
7570
7654
6877
7528
7654
6688
6667
7045
7507
6751
7528
8053
6856
7192
7423
6226
5722
7465
7507
5974
8725
7444
6457
6688
8116
6688
8557
7276
6415
6919
6877
7339
7381
7444
6394
6772
7087
6877
6268
6709
7045
7024
7171
6331
7360
7234
6646
7066
6751
7087
6940
7549
7045
6625
6121
6037
6667
6961
6940
6688
7024
7108
5428
5239
9208
6625
8893
6541
7570
6814
7696
7570
7570
6751
7255
7465
7129
6520
6667
6919
6940
8494
7360
7003
7339
6856
6919
6898
7108
7024
7234
6730
7486
7255
6520
6688
6814
7381
6793
9187
6856
6709
8998
6583
7297
7507
7675
6331
6688
6835
6961
6919
7171
6625
6499
8074
7045
7129
7822
7087
7129
7003
8389
8053
6541
6121
6478
6562
6835
6751
7381
6877
6058
7108
6415
6226
6793
6142
7171
6352
6625
6583
6814
7087
7423
7066
5827
7843
6688
6940
5722
7927
7066
7213
7591
7003
6310
6436
6541
7633
6562
5176
8305
4840
5491
6667
6583
8473
7402
7906
9922
6982
7906
7570
8221
7213
7150
7528
7150
8830
7633
8053
7045
6541
7801
7318
8977
7192
7024
7213
8914
6835
6688
7003
7570
6898
7213
6730
6226
7276
6709
7129
7066
7276
7381
8074
6877
7066
7066
6814
6499
6562
6667
7171
8116
6898
7738
6688
7507
7864
7171
6772
7192
7927
7150
6247
7381
7276
7045
7066
7402
6814
6772
7087
6919
7528
7108
7213
6814
6268
6856
6625
6352
6772
5827
6646
5995
6646
7045
7066
6772
6499
6709
7003
7717
7507
6772
6919
7087
7045
6772
8389
6667
5407
7129
7192
7759
6499
8263
6940
7423
7696
7906
6919
6793
6688
5764
8221
6919
6016
7444
6415
6793
7528
6016
7213
6793
6793
6646
8116
7843
6478
8032
6814
6520
7276
6961
7192
6814
7717
6457
6751
6205
6772
6709
7276
6709
7192
7129
8536
8074
7129
6100
7066
7381
7024
7213
8284
7213
7885
8074
6478
6478
7318
8116
7255
7759
7297
9040
7885
8179
6940
6457
6772
6730
6604
7822
5974
6142
6772
7087
7171
6457
6961
7654
6688
6541
7465
6499
6499
6793
6415
7276
7192
6184
6730
6793
6961
6646
7045
6688
7444
7885
6688
7423
7696
7423
6919
7045
5302
7213
6688
8137
6646
6667
6688
7024
7486
6877
7654
7675
7633
6730
6646
7675
7486
8137
7780
7591
7192
6982
7297
8095
8347
7612
7297
7486
7066
7087
5995
7528
8683
7612
8221
7087
7276
7339
7822
7129
6457
7087
7108
6331
8116
7045
7024
7696
7591
7507
7108
6583
7696
6730
6604
6751
7423
6394
7801
7402
7192
7234
6667
6079
6646
6961
8074
7045
5596
6814
8704
6016
6793
7129
6919
7129
7003
6961
7087
6688
7255
6625
6709
6415
6814
6709
6877
5218
6121
6688
7192
6289
6205
6772
6646
6709
6226
7192
6541
5953
6079
7444
6940
5953
7045
6961
6751
6016
7234
6079
6142
6604
7780
6520
6436
7402
7108
6352
6667
6835
7108
6100
6583
6898
7990
6898
6520
6058
7969
7759
7045
7549
7003
7885
8137
8137
8095
7675
6940
7402
6247
6961
7150
7024
6709
6688
6961
6709
6835
7171
7087
6898
6583
6604
8473
8284
7591
6079
7381
7234
8116
7255
7129
7150
6226
7171
6562
5470
6730
6625
6688
6079
7108
6079
8032
6835
6289
7570
6814
7738
5638
7087
6604
6247
6814
8620
8011
6961
6919
7003
6541
6394
7087
7654
7570
4357
7255
7780
7360
7402
8452
7696
7171
6709
7087
7780
6625
7129
6730
7822
7171
7108
6541
6961
6142
6709
7402
6520
7255
6919
7087
5113
7969
7528
7129
7213
6415
6499
7969
6058
6100
7087
6940
6625
7087
7066
7066
9145
6058
7213
7129
6583
7066
7381
7087
7045
6457
6604
7423
7339
7255
6772
8116
6961
7633
6604
7066
7675
6625
8683
7045
6793
7885
6184
6898
6667
6877
6709
7045
6520
6079
7045
6394
6751
7192
7192
6184
6226
7528
6709
6667
7108
7045
7213
6058
6100
6436
6247
5785
6142
6625
6562
7171
6940
6121
6079
6919
6835
7465
7087
6961
6310
7864
6877
5932
6919
7108
6961
7213
6919
6436
6457
7486
7003
7108
7885
7150
7948
6982
6457
7360
7381
6919
7486
7948
6688
7087
7654
6940
7675
6646
6772
5869
6268
6856
6688
7570
7339
6688
6835
8536
6793
6856
6793
6709
6625
5953
6457
5953
7171
6709
6709
7297
7045
7507
6793
7108
6919
6604
6373
6919
7717
7318
7297
7171
6730
6709
6121
6541
6751
6856
6940
7045
5197
7360
7549
6352
6877
6415
6730
7927
7150
6772
6898
6793
6520
8074
6457
6982
6751
6835
7066
8305
7213
6751
6142
8893
7087
6667
7171
7171
7318
6688
9376
8242
6835
7885
5974
7843
8641
7570
6940
8074
7171
8095
6646
7171
7045
7528
7318
7885
7297
7633
7507
7444
6100
8200
7045
7087
5806
8746
7255
7885
7171
7465
6688
6709
7402
6079
7066
6541
7570
7507
7927
6562
6835
8536
8137
6667
7024
7234
7423
7381
7927
7570
7906
5953
7801
7591
7339
6415
7780
7717
6667
6982
6730
8074
6142
6688
8011
6877
6982
6436
6688
6835
6100
6457
6646
6541
7066
6604
7528
6247
6856
7948
7381
6814
6961
6709
7948
5617
6877
6730
4882
7129
9586
8095
6352
7024
7948
6331
8410
7759
7864
7339
7255
6604
8410
7864
6163
7423
7507
6856
7003
7444
7675
6709
6877
6814
7444
7255
7780
6268
6730
7024
6919
6457
8116
7318
7276
7087
8095
6625
6814
7087
7192
7675
8494
6919
7318
6814
7528
7297
8851
7087
7549
7444
6499
7255
7423
8032
7276
6814
6709
6415
7150
7234
7381
6625
7486
7108
7150
9355
6310
6037
6625
6457
6163
6373
6583
7234
6961
7276
6583
7129
6478
6541
7192
6457
7612
6394
6940
6856
7192
6436
6625
7108
6667
6793
7381
6226
6772
7171
6982
5911
7591
6646
6940
5407
6310
7717
7423
6772
7003
7822
6625
7276
6562
7087
6835
7633
7486
8011
7276
6688
6793
7612
7360
7969
7402
7528
7423
6541
5575
8452
6478
6583
7150
6856
6562
6751
7213
7150
7360
7549
7129
7066
6604
6625
6457
6730
6898
7171
6835
7549
6772
6856
7003
7255
7675
7045
6394
7087
7213
8620
8032
6100
6457
7339
7654
7465
7234
7360
6961
7045
7003
6163
6289
6751
6709
6856
8221
6835
7066
5302
6940
6751
7339
7129
7381
7171
7465
5134
7213
6751
6814
5911
6751
6541
6877
6604
6667
4924
7654
8557
5701
8116
5869
6751
7150
6499
6520
8305
7654
6982
6772
6289
6646
8032
7444
6877
7129
8977
7738
7129
7612
6919
6982
7948
6625
7255
5638
6205
6583
6646
7003
7255
7591
7654
7192
6478
6877
7549
7402
6709
6520
6100
7213
8431
7360
6772
7780
7213
6184
6793
7339
6499
7276
7087
6898
7003
7948
7759
6751
7003
6667
7171
7171
8137
7381
7045
6793
6898
630
780
750
810
615
915
510
795
1215
495
495
645
780
945
615
1410
1065
630
915
1065
1245
660
930
660
945
660
780
825
795
480
915
1005
1080
510
765
1050
675
1695
600
750
945
810
675
1215
1260
780
750
600
1560
930
510
645
675
915
645
1050
930
1350
1095
825
1065
765
765
705
915
765
945
900
1005
780
930
930
765
1230
915
660
915
960
645
930
960
780
765
465
765
840
525
1230
1080
810
630
495
1065
795
930
765
765
765
780
1245
945
690
630
795
645
1080
630
960
765
1110
630
945
615
495
765
900
1200
1380
900
945
765
1050
915
825
510
930
795
630
765
690
930
930
960
630
810
795
975
780
915
1215
900
1230
960
780
960
945
1080
1095
1050
990
660
795
975
1230
660
930
930
810
1080
825
765
945
1215
1065
915
1065
945
1095
900
780
660
915
1065
765
780
795
1080
1260
900
810
930
945
930
1215
810
1095
630
645
975
645
1200
975
765
960
1245
1245
510
825
1050
600
930
1080
765
780
900
750
645
825
750
630
1050
615
795
915
660
810
780
660
765
1005
630
630
930
690
780
915
945
675
810
510
915
1230
930
810
945
945
930
900
450
1050
480
510
660
615
900
1395
780
1065
1095
795
660
915
630
915
600
765
1095
615
930
675
795
930
780
1095
495
1080
780
630
780
1230
765
780
900
1110
645
780
1245
1050
750
765
1260
795
945
900
600
825
810
915
645
810
900
975
660
810
780
1080
480
945
765
1080
780
630
795
525
675
945
660
1065
945
780
1080
960
945
795
675
795
795
1110
945
690
675
960
1245
825
525
780
960
795
1065
825
1395
615
915
1275
930
780
795
1365
810
660
1095
675
1380
765
795
750
990
900
615
495
495
810
675
630
645
675
795
915
1215
615
915
465
1095
825
1245
1350
465
810
645
630
1230
630
480
630
765
930
630
600
1095
1110
1215
780
765
915
630
915
1260
1395
930
645
810
945
1110
900
765
915
1110
615
645
495
1395
780
810
690
1095
1065
750
795
510
765
495
615
750
795
615
900
660
960
645
915
975
945
930
930
1140
720
630
1110
765
495
615
945
1095
600
1095
1095
1080
1245
1080
795
915
1260
615
1065
1095
1095
825
780
810
780
795
900
615
810
645
960
495
960
915
780
945
630
780
795
945
780
750
795
900
960
1080
945
525
1860
660
750
945
780
630
930
765
1095
1050
600
630
795
780
645
615
915
645
780
660
930
675
1080
930
645
630
960
780
630
930
900
705
900
645
495
975
900
945
975
780
780
945
765
915
945
930
945
675
615
675
1080
660
795
795
795
915
990
780
750
945
795
1230
1365
1200
1050
615
465
1110
930
930
810
870
780
915
840
1095
780
495
1200
1050
900
1110
750
975
930
615
660
870
975
1365
765
915
780
780
795
1065
930
810
780
1080
810
795
930
780
990
660
615
915
930
810
975
825
795
825
660
810
750
795
915
630
960
660
615
765
645
960
915
930
765
765
795
615
615
615
930
495
465
810
930
795
780
900
810
495
900
945
945
675
825
480
945
810
780
660
810
915
915
825
660
1080
795
915
780
645
1350
855
795
630
1005
765
660
630
960
600
660
930
705
795
1065
795
1080
1065
1110
525
915
525
600
825
945
1140
645
615
1110
510
600
510
645
1320
1095
750
630
630
750
930
915
1080
900
615
915
945
525
915
915
675
780
630
975
1230
765
765
525
1065
645
615
645
810
1260
750
795
765
645
660
615
780
1050
750
630
630
615
810
795
1095
510
780
795
630
630
735
615
795
1680
645
855
810
990
630
510
960
765
660
945
945
780
495
1095
900
1125
765
825
960
645
660
480
1140
795
615
645
900
645
810
900
900
960
765
1080
795
1005
945
645
660
675
1065
810
930
960
795
630
1080
510
1080
930
780
795
660
495
660
660
930
780
765
795
930
795
615
930
1245
630
795
1065
465
645
645
1425
615
525
945
780
810
615
795
900
645
930
780
750
750
675
765
780
525
630
1080
960
630
510
960
660
495
1050
510
1080
765
645
825
945
795
1095
960
945
1230
1095
1095
1125
765
630
795
660
810
1275
930
1095
630
1395
945
1260
1425
765
765
645
615
795
1080
780
630
780
915
825
1050
915
975
1050
915
780
1410
930
1245
450
915
615
825
765
915
1110
930
765
1095
1080
645
675
810
765
765
495
945
1065
945
1215
675
825
960
975
810
1260
1215
525
1140
765
945
750
810
915
630
645
540
645
1230
915
1230
1065
810
900
1050
945
615
645
900
645
645
615
765
645
1050
915
750
795
1050
1110
930
930
915
450
750
630
645
645
765
780
645
1095
645
645
780
495
495
795
1065
900
1110
780
930
1200
780
900
765
480
615
1200
645
900
780
645
495
765
1230
630
1215
675
915
810
795
915
765
765
630
1050
795
930
1110
1080
795
630
1560
1215
645
810
615
630
960
630
660
780
795
750
810
915
915
780
645
600
810
495
630
645
630
765
660
945
825
750
795
945
900
945
900
750
645
690
645
675
480
945
975
960
630
915
945
1230
795
960
930
945
525
780
600
1275
945
810
975
810
645
900
615
765
915
495
660
525
1065
690
795
630
930
645
780
690
1245
915
660
1350
765
975
825
795
630
945
525
795
1110
795
1215
765
765
945
1395
1080
1050
930
780
945
630
915
825
915
675
1080
675
750
810
1065
900
795
1200
960
1050
750
1380
795
1095
915
630
930
915
750
1110
795
630
960
975
1065
810
810
675
675
795
960
915
660
900
1095
810
495
645
960
945
645
645
810
780
900
630
945
960
1095
810
600
810
600
1095
825
810
675
645
1080
1110
1080
975
810
615
780
915
765
1080
960
1275
990
645
1410
810
1065
600
615
930
780
1350
1395
825
645
930
510
765
930
1275
825
660
1050
810
780
945
1065
840
780
930
1695
795
630
1065
645
960
795
615
1065
795
675
1065
630
1215
1095
1080
1065
960
765
1215
795
360
780
525
780
780
795
795
945
645
1095
825
1260
645
930
795
645
615
1110
825
1095
810
750
780
1230
915
780
615
795
960
630
765
660
630
630
765
945
825
1230
900
675
780
510
810
780
645
450
975
1065
495
1080
765
1245
1065
795
1110
855
780
1395
780
630
810
1245
1395
675
795
1080
810
1245
930
795
630
1110
765
1080
780
675
645
810
510
930
945
765
810
645
645
660
600
915
1230
795
660
1245
765
930
525
1095
480
660
750
930
810
600
615
930
900
795
930
645
645
840
930
960
1065
930
645
495
915
795
1050
945
765
915
960
1065
795
1065
930
1215
960
765
930
1125
750
1215
915
1245
1065
900
900
750
1560
1110
1050
1125
1050
555
825
780
1095
765
1065
780
1065
600
1155
1080
1095
1410
630
930
855
930
645
960
765
765
750
975
1230
480
1095
675
795
1230
765
645
1410
1050
1215
660
795
480
795
645
765
930
900
915
750
765
645
915
1260
750
750
960
795
645
810
810
690
795
825
810
645
645
675
810
615
765
930
795
1065
1200
930
960
1350
795
795
555
660
645
930
645
960
765
930
825
765
780
630
1080
780
900
1260
1050
615
900
1260
945
630
1215
1080
825
960
1080
900
945
1125
780
810
975
915
915
900
645
675
795
780
1380
960
795
825
990
960
825
465
945
510
1110
795
660
975
900
645
600
795
915
945
825
1395
675
1350
930
945
1080
465
810
750
795
810
345
795
1065
630
630
780
1065
825
495
780
765
660
780
360
930
825
795
765
1065
660
765
765
1065
960
645
1230
750
510
645
945
645
930
945
1005
765
885
765
1080
780
930
615
1020
930
975
930
795
660
1380
1005
975
1110
645
1215
840
900
1080
1695
1110
795
630
1095
915
780
660
810
765
915
750
930
1125
795
960
1260
915
495
930
1050
630
1050
645
780
495
1140
1215
1245
630
705
1065
945
1095
990
1245
900
930
525
945
840
795
900
750
1425
630
1395
675
810
1080
645
765
675
465
1080
780
945
900
525
945
1095
900
660
750
900
645
840
795
945
780
810
1065
900
510
930
930
630
945
975
810
960
945
1065
1380
840
765
765
1095
795
1065
630
645
1215
1095
915
645
750
1125
750
765
945
780
660
750
915
630
975
1230
900
780
495
750
1020
645
765
1230
1050
960
690
765
615
795
780
750
915
660
960
795
900
630
660
795
645
750
1065
960
1515
750
600
510
1350
660
795
780
930
780
990
930
765
810
660
1125
540
765
780
495
675
1110
810
660
915
810
645
945
795
945
960
930
630
945
1065
675
795
1080
795
795
780
930
615
810
1095
1095
915
975
1065
945
765
975
1680
615
915
1095
780
675
645
765
1560
450
810
960
840
900
1050
795
1050
765
915
915
1095
465
765
1410
1065
900
915
765
825
930
1065
825
675
840
810
915
1050
975
975
660
960
930
660
525
1080
660
825
960
1080
675
915
795
915
1065
1080
930
930
915
915
915
660
915
615
1380
825
1110
630
975
780
795
795
930
795
765
750
1095
900
630
510
615
645
930
945
750
375
630
1050
795
600
480
660
945
915
765
1080
780
945
975
780
645
645
1065
1050
795
1095
1050
480
1110
1065
510
945
915
765
1095
1215
1245
660
630
795
975
900
510
780
1200
960
1080
1095
930
660
960
915
1095
1200
945
975
615
645
645
900
795
1065
960
780
660
945
900
960
1080
645
795
1065
660
750
900
945
795
825
1095
780
1095
765
795
900
780
645
630
765
630
630
630
780
795
795
600
630
825
840
705
1050
1065
450
600
750
780
780
645
810
630
750
795
660
1245
1275
930
960
1110
960
900
780
945
930
960
825
915
915
765
1050
645
645
630
945
765
1260
660
825
750
795
1350
630
630
810
915
525
675
915
1245
900
645
1065
810
780
615
930
795
630
795
915
1065
630
780
780
900
795
1230
645
645
945
645
825
825
915
780
780
1215
615
1095
810
1005
1065
594
572
396
792
374
440
462
528
1078
594
572
594
506
484
528
418
462
572
506
572
704
528
484
352
638
616
836
660
484
440
374
440
836
770
968
440
792
440
374
528
528
880
374
418
616
726
550
792
638
374
638
704
946
550
374
550
682
396
374
484
616
374
594
374
572
462
814
440
396
704
814
418
638
418
638
726
682
396
616
594
396
396
462
528
770
748
528
396
550
418
528
550
550
462
572
902
638
484
396
726
616
594
550
660
814
616
484
572
462
528
682
462
550
506
462
550
660
418
550
528
528
616
968
638
682
374
572
418
528
594
440
770
726
660
726
726
682
682
638
594
440
638
418
594
594
550
594
880
506
462
594
528
660
770
726
814
814
968
814
572
572
572
462
726
528
660
616
528
770
682
550
638
748
770
550
814
594
726
396
726
660
616
814
748
550
814
374
462
616
396
484
748
660
638
682
814
528
440
572
418
550
484
572
462
418
440
528
704
550
462
704
748
638
528
748
440
704
550
704
418
484
726
550
550
704
374
506
440
572
682
374
462
506
418
726
748
594
594
770
704
396
616
726
616
726
792
704
528
660
858
814
638
792
792
638
792
682
1100
550
968
748
616
704
726
814
594
638
836
484
638
748
704
484
902
770
858
616
726
528
594
660
836
726
682
946
506
660
440
748
748
594
638
682
572
748
550
374
638
506
792
858
462
748
550
682
418
572
572
418
594
682
594
594
770
462
484
704
396
528
770
484
550
726
506
572
440
528
792
550
462
374
528
374
748
396
770
572
550
726
528
990
506
550
748
748
462
814
814
462
374
528
638
440
506
836
374
616
660
660
550
748
418
616
682
924
616
814
528
858
836
770
836
836
748
616
506
440
572
836
682
572
506
572
726
880
418
550
748
462
506
572
726
616
704
748
462
374
880
418
572
594
484
792
506
836
616
616
528
550
462
484
792
440
704
704
462
638
616
528
572
462
396
638
594
418
594
616
638
682
418
506
638
660
792
726
506
572
440
396
660
418
616
594
704
594
638
528
748
572
836
506
858
792
594
682
440
726
506
682
528
484
418
660
704
396
748
770
748
638
638
550
814
792
462
484
902
726
528
638
506
792
528
836
638
462
660
638
550
506
374
506
528
792
572
506
594
572
902
924
550
440
792
638
506
396
506
484
396
594
572
484
638
682
528
572
418
682
528
616
484
418
770
528
462
396
704
616
572
462
352
550
462
726
594
506
616
484
594
836
572
550
660
550
440
792
528
748
682
374
528
418
616
792
594
418
836
484
638
484
704
858
440
550
946
440
528
858
704
748
770
858
506
1034
660
616
638
770
638
770
528
550
792
660
594
748
594
616
616
396
660
638
990
594
484
770
462
616
528
858
440
792
704
726
528
616
770
550
396
550
770
682
572
616
682
814
506
374
682
616
528
748
462
704
594
440
726
594
726
374
1012
462
484
506
462
616
814
704
638
704
770
726
682
572
792
792
616
550
924
396
484
748
704
704
550
462
440
660
748
902
550
836
814
638
572
550
836
616
946
792
572
814
726
770
660
506
814
704
902
594
770
902
418
638
506
902
682
858
990
594
550
572
638
660
572
594
528
572
638
792
440
550
374
528
550
440
550
396
462
550
704
726
440
506
770
484
814
440
616
616
550
594
418
726
616
616
528
682
418
462
770
374
440
418
440
374
462
638
660
660
506
726
374
792
638
572
462
396
792
374
638
484
550
704
528
550
484
704
418
374
396
506
638
396
836
572
616
616
748
748
660
572
594
572
638
484
374
528
418
440
814
418
396
440
374
440
682
616
418
594
638
374
484
506
682
506
858
396
726
858
528
748
462
550
484
484
704
594
594
594
440
374
506
682
594
616
528
462
374
506
616
726
594
660
594
660
572
550
572
506
902
440
374
858
418
638
726
638
660
726
572
638
506
792
880
616
594
682
616
352
528
528
880
396
374
374
902
748
484
418
374
726
770
484
836
748
660
814
374
748
770
990
770
682
836
572
682
792
836
792
616
858
924
660
836
924
506
638
638
594
924
1034
660
506
704
726
682
396
440
572
572
616
418
682
374
550
550
704
550
462
462
374
638
814
484
550
440
484
638
550
462
814
572
484
572
638
528
638
880
770
858
462
660
638
484
418
374
374
506
660
506
704
726
880
418
814
616
550
814
396
506
374
396
440
616
572
616
352
396
462
792
440
726
616
682
858
528
506
748
528
440
748
704
814
616
418
396
660
484
506
440
836
374
572
462
770
440
572
396
550
616
770
484
814
550
550
374
792
660
484
836
484
506
726
638
506
528
616
770
660
572
660
418
638
858
506
660
638
396
484
660
528
616
462
528
616
484
682
418
616
880
506
770
660
858
594
616
924
594
792
462
682
550
572
704
638
880
704
748
594
704
572
902
836
836
616
594
1012
726
726
726
484
660
638
550
440
528
770
792
814
814
792
924
660
616
946
550
792
726
902
462
506
902
484
572
814
396
572
770
660
858
638
440
726
880
638
396
792
616
682
374
594
418
638
616
374
902
748
858
704
660
792
638
660
462
660
374
594
506
792
462
506
550
770
418
418
726
726
528
396
440
528
638
770
638
616
484
506
792
638
858
682
638
792
858
836
638
748
506
396
550
726
792
836
550
616
594
836
748
660
726
638
594
836
638
682
550
638
638
638
462
440
572
550
550
528
594
704
748
726
484
682
638
748
1034
770
858
462
770
682
528
682
858
594
616
616
528
374
792
660
572
528
704
638
374
792
506
704
572
572
418
858
550
550
594
704
462
506
374
726
814
506
704
682
660
440
462
660
726
616
374
572
484
638
660
880
374
594
770
506
528
506
704
682
792
572
396
440
902
374
748
858
594
616
374
704
616
638
374
572
506
374
462
462
396
484
374
638
594
572
858
616
440
726
682
726
946
946
902
660
682
880
638
660
462
704
506
660
660
638
880
682
572
858
506
836
792
484
396
462
858
572
638
616
528
638
550
616
528
528
638
660
484
440
418
616
638
550
550
858
418
528
550
396
704
616
396
682
396
440
440
374
770
594
616
726
462
858
462
572
660
660
550
594
440
770
770
748
638
572
704
550
616
506
704
792
814
484
682
550
704
616
484
594
462
506
638
770
506
638
462
836
748
396
726
726
858
946
550
594
770
528
374
528
726
792
418
374
814
506
792
792
462
660
638
638
682
748
418
704
880
440
550
484
660
638
506
396
418
704
660
616
396
528
748
506
506
440
462
726
550
550
726
528
572
418
638
616
506
682
418
462
374
440
440
396
726
660
638
616
858
572
792
660
660
572
726
550
550
616
748
748
704
528
638
770
506
616
440
638
484
748
748
506
374
572
616
682
880
462
374
770
748
682
572
550
682
418
440
792
594
770
748
858
550
440
704
770
836
660
836
836
704
792
528
814
726
880
638
792
858
528
484
638
792
616
748
484
528
440
418
418
462
660
506
440
528
572
440
594
704
506
462
638
440
418
814
396
572
396
1012
880
462
440
418
484
550
638
726
638
858
814
462
484
704
726
616
572
528
814
704
682
594
462
594
594
704
616
374
506
726
462
814
814
528
638
484
924
682
462
462
506
462
550
374
374
770
550
638
550
748
462
550
704
616
748
528
704
594
660
682
572
770
792
484
484
726
418
726
572
440
374
572
462
836
594
396
572
506
682
572
616
572
682
506
396
704
572
660
682
484
638
462
440
484
550
594
638
660
418
462
462
726
462
704
396
836
594
638
506
704
528
550
616
484
374
506
528
660
440
704
660
616
682
704
440
638
528
418
748
528
440
506
462
572
550
396
484
440
484
484
418
594
616
682
616
814
550
704
506
506
418
462
682
440
616
594
836
484
792
418
924
660
484
528
396
726
550
682
440
352
572
704
528
682
550
506
528
748
616
726
902
572
418
462
682
660
726
836
660
770
528
528
396
572
440
726
418
616
396
902
484
462
858
770
770
616
396
550
616
352
858
682
660
726
682
440
704
836
726
550
528
748
924
594
440
990
374
374
792
550
550
506
902
704
836
352
836
660
792
484
924
748
748
594
506
572
638
748
396
352
660
572
660
836
638
550
968
572
704
594
902
968
616
594
440
572
418
704
638
726
352
352
594
616
616
814
704
594
528
440
726
726
572
550
374
682
660
726
484
638
396
484
506
506
440
638
594
572
594
572
814
352
704
638
506
814
638
484
704
638
506
550
550
594
616
572
638
792
440
550
858
418
572
484
484
550
396
462
572
396
396
484
550
396
616
594
418
572
660
374
550
572
550
506
374
682
528
616
638
462
462
396
550
594
594
440
528
616
726
704
374
660
638
462
572
440
572
638
440
528
572
572
704
572
484
462
858
550
528
594
396
726
704
462
484
704
418
682
594
660
704
616
880
594
660
528
462
396
682
462
946
1210
440
550
660
528
572
616
616
528
572
440
682
462
396
836
748
704
682
682
572
638
726
924
638
704
770
726
748
462
550
682
726
462
616
550
374
682
682
594
638
616
638
814
858
374
660
902
462
440
682
550
704
462
616
594
506
726
770
594
594
704
616
660
594
858
374
572
440
594
760
712


744


728
648

776
680
696
776




760
760

680




728
728



712

664
664
728
680


808
712



712
712
808

728
696
728
824



792
744



728
776
728

792
664
680


824
632
680
632
680
680
664

696
696

776
696


648
664



808
744
696

712
680
680
712


696
744
696
680

776
744

712
712

696
728
792
728
792
680

664


792

696

728
680
696
712

856
776
808
712
712
632
760
680

696
680
664

664
680
696
680

664
712
696
776
728

680
632
680


680
680
696

712
680

760
664
696


728
664
744
680
664


680
760
712


664
712

744

696



792
696

680
888
712

728



696
728


696
632



712
648

712

856
760
680
744
712

712
696
696
712
712
712

840

760
824
744
712

744
872

680
728

648
728
776
696
824
808
808
712
696
664
648
680

696
792
712

712


680
712
696
712
680
728

792

680
680
680
680
728

680
664
808

648
712


664
648

728
824

696
696



664

680

760



808
760

808
696
760
744


744
728

744

792
648
680

648

712
744
760

648

664

728
760
792
712


680



648
712
696
744
776
648
712
712
696
728




712



712
664
744
712

760
712
680
696

712


648
696
696
712
648

712
728
680
696
648
712
744
728

728

680
760
696

728
680
712
760


744

776


696
680

664

840
792
728

744
792


760
680
664

712
744
744
728



808
712
696

680
760
760
712

776


728
712
664
744
648
760
792

712


664


712
760
760

696

712


696

712
760

712
808
824

712


776
728
760
680
712
728


808
728
760
728
696



696





760

616
680
728



712

728

776



744

696
744

696



712
680
712


712


664




680
760

744


696

712

728

728
680

664
744
680
776
680




696
712
840
760
792
760
728

664
696

760
696


696
776

728





712
728
696
744

696
760

696

776
760
744
760
760
680
728

696
792
712
712
696

760
664
712

808
712

696

680

648
680
776


664


680

712
664

664


808
744

744

712
696
744


776
648
776
728

824
680

632


744

712

808
808

728
824


728
680


680
712
744


680
680
776


680
680
680
696

664
696

696

760

696
760
680
760


696



696

728


728

696
696

728
792

808

760



728
712

696
632

744
616
712
760


632




664
680
744
776

776
808
632


728


728
712
744



856

712

712

696
728

696
664

664
696

744
744
680




648

616

680
712

728
680
728

696

760

712

648

776

760

680
712

664
664
776
648
760
792
744
696
728
744
680


712

728
712

696
760

728


744
760

696
712

664
776
808
744
680

744
712

712
680

728




696
664
696


728
728
696
744
760



744
760

744
744
712
664

792
776
744



680
712
760


664
680
680
712


648




696
664

664


792
696
808
776
760
664

776
792

696
776
680
696




696

744
712
680



696



680
776
680
680

872


616

696

648


680
776

712

776
712


728
728
712

680

680
744
664

712
712

712

696
728
760



744
776
712
696
712
712
712



728



824


696
680
728
696
808


728
760

648
680


760

728

776
808
680

728
664
680




664
696
680

760


760
792
680
616
840
728
792


712
696

760


680
664
792


696
760




712



680
696
648
680

712
632

648
680


696

680
696
680


680
728
744

616
712

664

808

776
728
792

744

696


648
664

680

680
760




696

728


728


792
776
680
728

664
712
680


808
648
728
680

728
712
712
680

776


728

680

728
712
696
680
648

776
728
696
712


760

632

680

808
680
680


696

808

680
680


664

680

680
728

728
728
696
664

712


744






808


696
824
712

648
696

600

712
696



728

712

712
728
744
664
760

680

696

664
712

648

808
840
808


712


776
664
664


696
728

728
776
696
792
808
776
680
840
728
824

712
712

680
760
808
728
648
840



696

728

632
696
824
760
696

680
776



712
680

760



712
664


744

776
728

648
760
712



712
712



744
712

744


824

680

696
648
760
664

728







696
808
680


648
728
696


680
776

680

728
760
712

696

712
664
696
696
728
776
696
712
728




696

696
696
664
760
664


664

728
728
728
728
696
728


712
728
680

680
696

728
712



712
664

760
648
744
728
696
696

712

664
632
744




712
712






696
680

712
888
680
696
664



712
712

712


712
664

680
712
728
712
632
712
664
728
696
648

808
728


712
696
680

664
712
728


744



728
744
680



728

696
664
616


712

648
808
808
696

712
696
712



712
696

744


648

776
760

728
808


616








712
712
712

648
632
648





712
776



728



728
696

712
776

856

696
776


680

760
632



696
680


760
696

792
728
728
712

712
648


712

680
712
776
664
728
664

696
792

712
648

696

744

728


744

664

728
696
664

760


824




696
712

760
712
712
744
840
840
808

744


680

696
616
744

824
680
792


760


728



808


728

808
728

728
680
776
776
680

744
664

792
632
776
728
712

712
680
728

792

808
840
680
696
792
792



664
776
808

792


712

696
712

728

760


776
712
680
744

744
744
696
632


712
680


744

696

712

680
664

744
696
712
744
632

616
712
760
680

712

696
744
792
728


728
728



792
824




728
712
712
728

648
712

696
648

680
696
776

680

680

776
744
728

680

744
744

664

712



648

680
696


712



712

760



696


728

744
744

696
696
664

712
680
648
712

664

760
792



776
680


680

776


632
664

744


680
680
744
760
680
664

680
712

712

744
728

696
680
680
760

664
696
648
696
680
632
728
648
728
840
728

632

712
728

744

696

712


728

776
712
728




744
776
664

792
680



744
696




792




776



792
808
776


696

712
664
760

808
808
712


792
744
632
760
792
840




712

712




696
680
760


728

680
712
728

712



728


664
696





776
696

776
648


680



744
728



82

































170
190









150

90





74


94











66
222









94
82

66









70














90
70





70

62

62
54
74









170


62







154




62
90



























178









62


214






174


218







70








54









186




190














62



178
94



214









94




54













78




















90
62







62

54










90
202


62







62























62
66




62











62














58





82


62






62
62

62
62
74


54
74




94
170

62

74








































74




62











174




94

62










62


62
90
98







58

























































218
































90





























90













174



94







174




198


54









174





















94















74
















218









174













62


174









134














82






66





62







90
74


90







74

54







74
54
74
62
74
74






62

62

74
82
90



62
74






94


62



















86
170




74




94
174










66





174











62












78







174
78









86




210




154








174
















194









90


178



























174

174
















174






150





210



174





94





74

150












58






58

174






62













90







54





































































62

54






74

58






174












154



94










74
62





74



74













82

58


94
174





90



214















90








90

86

























54



58




70
178






54





62
62

178






74
62






170







178
58









62




















142



174

210






174

198




















174















178





















62




















150




154



102

154

































90




86
82



















90



58


















174


62













70
54



70

62


62




174











170


58
210
74

134























70












62







54

62



74


54
62
82



170






210







62














82

66






62










174
222

230




90
















62




174











66





66


















154









70

70







102






















178



















54







62








214




94





62
62






98







138
















70
















82


54


174

62




368




356
356




422

422






455




467


446





488
479













































302






389



335


356

389

434


347


302


290


290










































368





401
455


290







422






















389






























368












455




















455






488

389





























323
380








323
















368















434














401











455
389


























413



422




422





401











488












368










356













413














521










434




422






422











479







422








356












323

























467



368

356



422


























422
422
413
422
356








389












413











401




















323



347
















455




















380

446


488






356










356






422




































































422






356













323

389

















389
















































290












380
















347







446
































389











467

















422








413


356

389






389


467




356








368











422















389













323




413

467

446














488


















290




























422

























335











































389



356










356








347





335







422
389
257


323



323
389


356





347











356

356








446




389





422


368




422
















347

434










455















323





401
389




























422





































446


















389



















































446



455













356











446






257



















467














323






































389

347

422


455














422







422







368


500













389








455









422



356

422








389













401






422
































356





























335











422




368












488








323












446





488













356
290



380











323























422




356














368






314

422
446












389









290


389

380










323
389





















615
580
608
755
650
748
678
538
636
636
608
755
678
545
685
468
678
615
587
608
580
657
664
468
650
720
874
678
650
797
678
538
748
608
608
657
587
685
657
608
608
517
608
615
608
629
685
797
608
468
608
608
657
608
538
608
685
678
657
608
727
783
818
538
755
727
608
657
615
608
657
685
720
608
608
755
580
615
783
657
825
650
608
636
727
608
608
608
580
608
608
685
657
678
538
538
727
678
678
727
608
755
615
713
643
538
713
874
587
650
650
657
650
559
650
713
538
706
538
587
636
657
678
629
608
685
538
650
825
678
468
545
580
608
727
706
818
615
650
818
608
559
685
538
538
608
748
650
538
685
538
538
734
888
650
685
636
545
615
538
874
755
608
678
538
783
538
678
538
608
1014
783
825
678
650
916
608
825
776
650
636
643
587
622
748
727
755
678
538
846
685
608
538
587
748
818
720
538
608
874
580
678
559
678
713
580
636
727
706
615
538
678
727
678
608
720
608
657
538
608
790
615
580
706
608
587
678
608
538
678
482
678
678
972
489
489
706
818
727
587
608
846
804
678
587
706
678
650
748
776
538
608
657
657
468
678
776
657
678
706
678
685
615
538
678
734
713
678
678
678
783
944
678
538
608
678
538
678
608
727
608
678
580
678
678
608
755
615
608
587
608
685
678
678
608
587
678
776
678
650
720
657
748
748
713
608
678
580
552
783
678
790
734
538
580
538
468
797
580
650
587
748
615
678
615
657
727
538
727
713
713
678
538
608
475
538
545
678
713
643
678
510
657
685
608
706
489
783
608
538
489
727
608
853
783
783
944
755
538
538
580
580
685
685
657
874
888
874
608
874
755
580
825
587
657
916
636
657
748
510
538
538
580
538
510
811
608
636
538
727
685
727
874
888
580
657
685
580
615
545
615
713
608
580
615
678
587
538
538
615
650
678
580
608
580
650
608
734
468
657
650
650
685
685
804
706
664
608
650
678
538
538
713
580
657
657
881
720
804
580
755
545
650
804
685
685
678
790
580
615
874
853
720
615
804
643
706
580
657
825
685
587
538
580
538
657
825
853
720
615
608
650
713
727
657
755
657
895
685
657
825
755
538
650
580
538
650
755
755
713
657
825
580
685
538
888
615
629
685
538
650
608
468
685
804
580
678
685
650
678
615
678
727
748
608
538
615
538
748
587
608
608
755
678
874
825
713
748
608
510
678
755
552
545
580
678
713
510
657
818
685
657
580
657
685
678
720
657
685
713
615
608
685
713
608
538
706
678
636
545
734
657
713
678
678
552
678
685
657
657
608
552
685
804
510
678
552
538
650
608
643
650
825
685
685
685
608
482
643
538
608
517
657
776
825
552
818
678
510
622
538
678
608
538
685
706
713
615
657
587
657
608
559
776
608
615
713
608
643
608
657
657
657
580
685
678
510
636
657
685
636
615
678
678
538
748
510
776
538
489
538
944
685
797
538
790
608
685
587
713
608
608
825
678
608
580
608
678
580
608
720
755
650
650
587
755
615
538
615
755
608
538
580
538
720
580
650
587
608
608
825
580
643
608
783
776
545
615
748
720
538
538
580
608
657
538
657
538
657
615
685
650
748
685
468
580
608
650
678
650
874
510
608
657
580
538
657
685
657
636
776
727
636
622
580
468
713
608
636
678
804
713
636
510
468
734
636
559
538
608
657
713
678
580
608
748
608
804
538
650
608
685
797
678
727
538
608
608
580
685
783
615
678
713
580
538
587
608
678
643
776
538
587
587
538
580
825
559
608
538
755
580
727
657
678
608
804
580
538
608
615
629
657
678
678
608
650
678
650
580
748
608
650
678
720
895
643
846
685
608
678
643
874
608
615
678
678
755
468
734
587
678
685
615
734
678
678
608
881
678
678
503
748
755
608
538
804
608
657
587
545
685
734
804
755
608
510
650
874
685
685
636
657
853
825
636
587
636
706
643
706
881
678
706
538
748
818
608
713
608
657
678
664
825
853
678
468
510
685
706
748
825
678
734
678
727
538
874
678
657
657
706
734
874
923
650
657
755
846
608
685
636
608
580
468
657
538
727
545
678
713
650
657
678
685
580
468
608
713
468
538
748
678
615
587
580
685
727
482
748
748
538
678
608
580
587
657
846
629
650
748
608
678
538
608
538
608
608
818
720
538
888
713
755
608
874
916
517
538
706
643
727
510
685
503
608
790
797
720
650
650
608
657
580
538
608
650
538
657
608
748
538
538
650
538
825
608
678
797
538
608
468
678
608
608
657
538
790
804
804
783
608
587
587
510
776
685
468
538
615
720
678
657
678
636
755
755
678
510
706
755
643
636
587
643
706
468
517
643
678
608
538
748
678
615
678
608
608
678
657
895
923
727
811
678
685
538
538
678
538
727
538
657
874
748
538
825
657
678
748
615
685
678
629
755
545
755
657
727
580
748
706
748
538
650
748
685
608
797
538
678
825
825
727
776
755
608
804
748
776
608
720
748
713
678
888
804
881
685
678
790
615
615
510
538
608
678
713
706
734
538
755
685
825
657
538
608
538
678
615
846
755
608
545
608
734
608
720
713
783
657
678
608
657
853
538
608
580
783
468
650
608
678
706
580
615
713
650
573
678
657
748
853
580
657
797
853
587
587
944
615
776
1014
804
545
615
713
713
678
685
608
580
734
713
713
538
657
797
643
685
713
615
587
895
727
650
678
615
657
650
685
678
657
776
825
713
657
587
636
825
482
650
727
685
580
811
650
650
720
755
713
608
538
678
678
538
706
748
608
580
608
615
720
608
580
538
811
538
580
552
629
538
734
650
657
678
650
650
720
608
650
713
538
538
755
685
678
657
608
608
678
678
559
727
678
657
573
783
657
608
608
615
713
657
706
538
636
685
650
804
580
608
608
622
608
580
699
755
748
720
748
685
608
678
783
538
713
853
678
636
790
538
685
580
538
580
580
678
755
755
706
580
776
608
748
734
608
657
790
538
678
608
734
636
538
685
748
608
580
678
678
755
615
615
650
678
650
615
650
678
846
538
678
944
727
874
804
468
510
538
538
538
468
783
713
538
972
685
538
706
776
720
545
713
559
510
608
692
678
538
608
902
538
685
727
580
587
776
615
468
734
944
608
678
944
853
545
804
587
650
811
727
846
538
874
748
538
608
580
685
727
818
538
888
650
706
657
685
902
706
468
657
608
650
713
622
720
657
678
608
678
797
517
587
608
538
678
538
538
727
615
706
643
608
608
664
713
755
650
608
580
720
818
559
825
468
538
580
580
706
650
685
608
650
685
678
580
776
650
587
538
608
811
517
720
580
755
650
538
678
776
748
608
678
587
629
657
643
580
615
580
678
538
748
538
678
468
608
678
727
706
797
720
538
685
657
713
636
650
713
713
748
615
678
587
636
580
734
650
727
538
538
650
678
650
678
538
573
615
538
538
587
538
608
510
650
713
874
545
552
580
538
755
517
720
643
608
755
720
874
608
657
650
727
615
580
580
685
678
580
720
853
587
706
713
685
580
538
685
643
580
643
783
608
783
615
706
650
685
608
538
608
615
608
615
650
657
685
657
587
538
615
755
755
825
538
538
615
727
538
608
685
615
580
657
678
755
580
580
580
685
678
538
727
608
685
650
580
706
650
650
706
657
776
468
678
706
608
776
678
657
573
727
615
790
587
580
657
580
790
538
685
608
538
678
811
538
874
783
678
608
678
538
650
517
755
650
615
643
580
755
678
720
545
643
825
783
706
468
538
755
552
657
538
538
755
615
685
580
678
657
615
538
608
636
685
608
608
657
608
580
678
741
538
615
650
650
685
713
608
657
615
713
685
685
720
755
685
706
608
608
608
587
650
678
615
538
748
650
608
608
580
748
811
538
538
538
727
874
517
650
720
734
678
538
608
636
587
608
776
468
685
678
608
538
510
783
608
636
748
797
713
678
678
636
580
538
517
678
706
790
650
846
664
944
608
650
636
615
678
580
734
755
608
755
678
468
538
748
580
559
643
713
538
818
755
559
615
734
678
489
825
468
888
713
615
706
510
608
615
650
468
468
776
874
825
643
636
790
636
608
608
580
580
895
902
825
608
468
608
608
790
755
650
678
538
580
825
713
846
608
510
755
748
643
615
468
608
538
657
685
713
748
510
510
608
713
713
580
685
608
846
776
748
538
825
608
720
608
608
608
538
706
720
657
860
825
734
804
622
538
538
608
608
650
608
580
678
657
608
678
776
587
825
685
538
755
538
545
538
559
615
678
615
650
713
650
608
538
706
608
608
608
538
706
755
650
678
489
706
615
643
580
748
545
811
825
678
608
713
748
552
755
608
580
587
678
636
776
678
678
685
755
748
846
608
657
804
853
580
643
538
748
818
720
650
538
636
783
685
853
748
748
797
468
657
615
678
727
608
685
580
797
643
615
608
804
608
790
608
678
538
699
552
538
678
608
727
846
580
720
468
608
657
678
685
748
685
615
615
706
580
615
636
538
468
734
657
755
517
468
748
678
657
657
608
650
720
678
748
643
657
727
685
657
608
685
748
678
678







472








490



508







346









490

















454

472

472















400




































292
310

















382






328







































364



























400
472





















310








382

490










454




454
490



508























454




706
















508


508


382

























328










310





























































454



400









256






472

































































364

418







346




















292



















292























364















382
















454

472








454



364

616

418

292












346








454
508






544


















































454

400














418
544


292












292

































































418
310




346







490











































































508


















382
346









580











526


346












































































382







274
418
454




436


382

































































472










454




238

418













400










































































454

346


382















472
328









490
























































382












508




















328



















328












































346










490








418















454



































310


418



400




292

382






364



382








310


418
490







































436

454





328

490





418

490












508








454





364



526


328

















346

418

















































































400






382





310


418






472





472























































































418









274

292











328





























































418












454










418






328








310











328















382




526
















364
268
293
375
293
291
245
242
310
312
273
251
315
324
287
296
276
332
245
324
369
245
228
256
273
315
284
307
296
307
426
391
310
315
408
380
259
327
296
231
273
346
284
256
350
313
299
316
383
296
214
439
344
397
214
352
382
467
405
341
387
282
287
299
276
402
259
268
290
360
310
380
293
284
394
262
366
433
285
294
415
379
384
288
276
422
301
231
408
242
338
302
332
310
345
245
259
333
321
348
318
293
397
321
363
214
298
315
327
287
335
377
338
388
270
329
360
287
234
329
270
318
273
332
287
371
307
391
448
431
305
371
305
228
214
282
245
291
301
346
357
447
276
349
316
279
321
366
270
349
310
287
284
315
259
276
318
262
262
335
214
273
279
270
214
276
304
386
248
290
290
312
402
301
251
366
318
262
392
304
352
329
416
268
298
308
312
364
304
347
290
344
299
315
341
290
408
383
355
322
304
318
338
363
245
214
329
276
284
298
256
231
273
382
336
242
346
349
262
282
307
349
254
315
338
245
290
284
248
245
441
276
372
245
287
349
273
422
245
290
273
391
287
332
316
377
347
270
320
315
374
217
290
242
273
321
377
321
287
377
256
363
214
321
291
256
287
319
275
301
328
318
304
296
307
268
248
296
385
399
318
332
256
376
245
408
256
287
307
304
344
301
301
276
417
245
305
359
301
214
325
388
318
273
465
287
329
338
307
256
329
302
332
242
324
217
228
349
344
279
296
391
405
299
296
270
301
343
318
318
228
282
366
287
394
324
399
330
276
265
288
245
352
248
294
287
276
346
312
350
273
234
304
259
293
350
314
245
338
273
228
389
339
270
273
385
287
333
363
360
335
353
228
265
287
349
265
271
273
321
279
360
262
307
214
310
291
259
268
356
245
351
287
279
324
324
228
285
335
366
268
405
327
242
360
259
326
305
324
377
214
287
383
357
368
335
324
245
245
417
301
343
217
304
256
341
434
298
231
256
262
251
245
296
389
304
354
290
259
245
256
321
242
329
287
296
256
228
298
338
270
242
310
256
231
307
346
290
304
284
318
311
265
262
411
318
335
329
349
242
321
285
276
377
333
316
214
231
369
358
363
395
217
329
287
343
265
259
301
543
242
321
228
338
259
371
380
287
287
214
245
290
343
321
318
369
352
242
332
256
332
318
242
228
251
360
329
273
397
473
228
411
330
273
346
259
318
332
301
248
228
265
228
310
245
270
231
228
251
324
228
401
234
214
346
259
307
290
259
338
324
228
397
284
326
290
293
301
248
259
360
337
293
313
256
318
285
299
397
228
285
365
360
301
228
352
293
228
307
349
304
299
228
291
386
256
231
335
353
363
259
301
293
231
355
326
313
268
265
242
305
360
273
256
363
287
341
259
298
228
329
273
290
312
318
305
273
242
214
343
245
290
327
380
346
276
425
273
230
273
402
228
282
369
304
276
259
338
256
259
262
304
302
358
459
271
324
321
304
312
346
307
214
296
259
290
329
262
256
318
346
245
256
301
256
380
363
304
430
356
259
304
228
299
284
341
245
293
228
279
270
335
228
307
332
245
301
259
332
341
273
394
290
228
354
318
234
355
259
256
256
242
284
273
282
332
214
329
231
259
329
301
270
217
394
325
276
296
363
307
397
276
245
349
290
259
282
338
287
287
245
388
290
290
256
287
287
231
298
329
369
318
256
413
343
242
295
268
405
318
366
335
259
245
284
259
467
276
312
346
282
332
408
256
290
350
245
269
273
326
307
335
311
290
245
284
307
290
259
290
357
282
287
262
332
397
305
385
270
405
333
329
301
234
298
312
318
276
312
262
341
372
279
301
245
346
346
380
290
346
304
332
356
242
270
498
262
304
310
304
270
312
256
284
259
380
284
388
310
332
259
276
332
262
301
312
419
299
293
315
375
324
380
284
299
296
350
256
307
256
321
254
242
315
290
360
259
340
248
242
262
298
282
371
293
228
329
265
332
335
350
259
256
321
315
287
341
301
298
245
307
214
315
357
228
285
374
315
304
262
293
237
273
304
310
358
245
307
342
259
313
374
214
290
214
287
307
285
369
273
329
298
290
374
343
318
335
298
270
315
296
380
270
405
406
273
321
290
273
422
341
335
273
251
270
284
248
346
321
248
293
273
290
304
422
318
273
296
262
369
276
256
357
248
284
344
325
338
312
439
299
262
420
242
304
270
288
273
248
414
262
329
242
259
242
251
262
318
400
304
356
231
439
340
318
327
332
256
276
290
385
273
288
276
298
301
373
228
349
321
346
366
304
276
318
293
273
290
276
301
268
332
245
228
307
315
319
383
325
256
298
406
273
406
371
242
302
391
259
377
396
460
322
259
313
315
392
332
288
298
318
332
259
256
373
321
296
315
251
231
394
346
338
349
277
285
414
287
371
262
332
352
376
310
312
296
377
228
355
298
228
259
228
273
234
290
234
324
342
321
254
308
256
273
242
381
262
273
321
214
315
296
287
396
301
242
228
304
259
276
248
366
316
355
302
284
312
422
343
276
312
447
419
301
425
293
430
228
276
374
360
282
304
273
301
259
284
357
380
352
411
234
293
460
321
245
299
352
254
336
214
301
312
242
360
273
256
322
353
448
358
307
279
355
379
259
254
277
276
248
386
352
214
365
276
338
299
228
378
287
363
290
304
285
302
307
290
273
282
318
268
290
360
327
351
322
318
270
308
251
402
358
322
251
242
276
332
293
304
279
287
299
302
259
259
293
228
273
304
366
293
310
245
411
290
259
276
245
273
332
315
318
290
290
307
228
228
299
301
245
284
275
308
214
369
336
228
245
214
294
355
321
256
273
270
254
321
312
335
301
355
290
293
276
338
304
256
259
231
335
357
242
312
301
245
341
228
414
276
310
259
296
276
231
301
394
293
394
214
315
287
298
242
287
307
287
279
329
324
259
242
276
287
273
301
217
214
318
259
273
242
355
349
265
256
290
332
349
335
276
259
273
242
318
366
305
242
276
349
389
242
368
237
313
318
318
354
321
391
343
331
285
473
441
276
214
290
214
237
245
248
363
322
237
369
228
324
290
360
338
228
332
318
383
259
214
346
355
409
259
301
324
310
372
276
276
360
228
256
273
259
333
256
256
293
318
328
327
329
318
265
352
279
335
318
245
234
355
256
262
214
324
391
304
304
259
242
313
307
308
307
259
335
273
234
304
293
265
293
312
363
318
256
245
290
293
301
296
276
228
245
270
321
293
262
302
326
293
228
299
321
335
341
279
270
290
282
301
265
287
273
313
262
380
245
307
336
377
254
287
316
419
214
234
214
394
214
262
245
262
265
214
259
287
276
310
268
310
228
242
228
234
310
248
338
445
360
242
259
245
341
248
380
251
259
256
307
259
313
332
288
268
324
344
290
231
274
242
315
214
332
276
245
442
248
290
343
360
279
329
287
332
279
388
242
265
214
245
394
256
273
290
318
248
338
301
321
321
287
318
432
214
290
265
270
344
273
242
259
352
408
473
228
301
347
325
369
265
228
336
298
273
262
346
282
259
228
228
214
305
355
448
304
293
465
273
242
329
276
316
273
316
265
366
276
245
331
285
312
288
245
293
374
322
271
228
302
256
217
379
377
334
262
327
411
290
248
273
307
282
338
290
287
287
256
228
304
256
301
301
315
290
270
248
380
234
329
245
290
256
329
245
377
363
296
337
270
343
293
324
316
245
505
332
290
265
324
234
259
214
405
408
326
388
285
307
322
394
251
339
282
315
368
285
321
363
228
442
304
242
276
343
304
326
313
371
329
371
231
399
284
301
442
248
302
355
349
298
318
312
360
329
290
256
307
324
360
369
259
310
374
251
245
411
327
326
433
245
214
388
228
284
343
279
315
287
416
310
335
259
262
242
318
256
318
385
214
276
374
402
245
276
242
228
273
270
338
242
273
315
344
228
327
312
228
290
282
328
290
277
376
242
445
242
445
318
254
256
310
341
307
380
245
352
308
291
242
279
304
329
231
262
315
248
324
242
248
318
265
310
276
271
447
312
287
298
321
388
307
298
358
279
405
366
262
376
307
315
284
285
284
273
301
350
301
315
375
446
302
372
304
276
360
436
332
290
394
374
214
391
245
217
290
301
245
349
343
301
343
254
341
287
338
315
371
299
349
271
270
248
359
301
318
273
231
393
329
318
228
242
327
321
304
298
340
318
343
245
316
228
405
287
346
399
242
312
298
388
296
298
288
254
270
284
402
386
312
296
265
346
377
408
315
256
400
388
302
366
361
360
450
350
363
290
340
330
270
270
301
315
298
332
326
335
357
363
370
411
388
288
354
262
307
304
298
242
273
259
228
307
313
242
273
256
458
301
307
273
214
268
257
332
332
406
270
262
256
236
301
242
228
282
251
273
291
214
245
257
284
242
262
305
395
425
299
341
394
352
360
360
366
245
291
301
319
293
349
271
310
343
279
285
290
284
284
333
349
285
290
296
338
273
276
259
214
345
270
288
276
301
270
259
332
276
228
248
346
242
315
298
265
307
352
276
336
265
316
324
355
332
312
320
320
320
320
320
320
160
320
120
320
320
160
320
320
320
160
320
320
320
160
320
160
320
160
320
120
320
320
320
120
320
160
320
320
320
320
320
320
320
320
320
120
120
320
120
320
320
160
320
320
320
120
320
320
160
320
320
440
320
320
320
320
320
320
120
320
320
320
120
120
320
320
320
320
120
120
320
320
320
440
320
120
320
320
320
120
120
320
320
160
120
320
320
320
320
320
320
320
320
320
320
320
320
320
320
320
320
320
320
320
320
320
160
120
320
160
320
320
320
320
320
160
320
320
120
320
160
320
320
320
120
320
320
440
320
120
440
440
440
120
320
120
160
120
320
440
320
320
320
320
320
120
440
440
320
320
160
320
320
440
440
440
320
120
320
160
120
320
440
320
320
160
120
320
320
160
320
120
320
360
320
320
320
120
160
440
320
440
320
320
440
320
160
160
320
440
160
160
120
320
320
320
320
320
320
320
320
320
120
320
120
320
120
320
120
320
120
320
320
320
120
320
120
320
120
320
320
320
120
320
320
120
160
320
120
320
320
320
120
320
320
320
320
120
320
320
320
320
320
320
320
120
160
320
320
360
320
320
320
320
120
320
320
160
440
320
320
320
120
320
320
320
120
320
320
320
440
440
320
320
160
120
320
160
320
120
120
320
320
320
320
320
320
320
320
320
320
320
320
320
360
320
160
320
320
120
320
320
320
320
120
320
120
160
320
320
320
320
320
320
120
320
120
320
320
120
320
120
320
120
320
160
160
120
120
120
320
160
120
320
120
320
120
120
160
320
440
160
160
120
160
320
160
320
120
160
320
440
120
160
120
160
160
120
120
160
320
120
160
160
160
160
320
120
320
240
120
120
440
120
160
160
320
120
320
440
160
320
120
160
320
320
320
120
120
160
440
160
320
320
320
320
320
320
320
320
320
320
320
320
160
320
320
120
120
320
120
320
120
320
320
120
320
320
320
120
320
120
320
320
320
160
320
320
120
320
160
320
440
120
120
160
320
160
120
320
440
120
320
160
440
120
440
160
320
120
160
160
120
160
320
120
320
320
320
320
120
120
160
320
320
440
440
320
160
320
120
120
440
160
120
160
320
120
320
160
160
120
120
120
160
440
440
320
440
320
320
320
320
160
320
320
320
320
320
320
120
320
120
320
320
320
320
320
320
120
320
320
320
160
320
120
320
120
320
320
320
320
320
120
160
320
360
320
320
320
440
320
200
320
120
320
160
320
320
360
320
240
320
120
120
120
320
320
320
320
160
320
320
320
320
320
320
320
360
160
160
320
320
280
160
320
120
320
320
320
120
320
200
280
320
320
320
160
320
320
320
360
120
120
320
440
120
320
320
440
160
320
320
160
320
320
320
320
160
160
320
120
320
320
160
160
320
320
320
320
120
320
160
320
120
320
320
160
320
320
160
320
320
120
320
120
320
320
320
320
320
320
360
320
320
320
320
320
320
320
320
320
320
320
120
320
320
320
320
320
320
320
320
320
320
320
160
320
320
320
320
320
320
320
320
320
320
320
320
320
320
120
120
320
160
320
320
320
320
320
320
320
320
320
320
320
320
320
320
320
320
320
320
320
320
320
320
320
120
320
120
320
120
320
120
320
160
320
160
320
320
320
320
320
120
320
320
320
160
320
160
320
320
320
320
320
320
320
320
320
320
320
320
320
320
160
320
320
320
320
320
320
320
320
320
320
120
320
320
320
320
320
320
320
320
320
320
320
320
320
120
320
440
320
160
320
320
320
320
320
320
400
320
320
320
120
320
320
320
320
320
320
320
320
320
120
320
320
320
320
320
320
320
320
120
320
320
320
120
320
320
320
320
320
320
160
320
320
320
320
320
320
320
320
320
320
320
320
320
320
320
320
160
320
320
320
320
320
120
320
120
320
320
120
320
320
320
160
320
120
320
320
320
320
160
120
320
320
160
320
120
320
320
320
120
320
320
120
160
320
120
320
320
320
320
320
320
160
320
160
320
320
120
320
320
320
320
320
160
320
120
320
320
160
120
320
320
120
320
320
320
320
320
320
120
320
120
120
320
160
160
320
320
320
320
120
320
160
120
320
120
320
120
320
320
320
120
320
120
320
320
160
320
320
320
320
320
320
320
320
320
120
320
120
320
320
320
320
320
320
320
320
120
320
320
160
320
320
320
320
320
320
320
320
120
320
320
320
320
320
320
320
320
320
320
320
160
320
320
320
120
320
320
320
320
320
320
320
320
320
120
320
320
320
320
320
320
160
320
320
320
320
120
320
160
320
320
320
320
160
320
320
320
160
320
320
320
320
160
320
320
320
320
320
320
320
320
320
160
320
120
320
160
320
320
120
120
320
120
320
120
320
280
280
360
320
120
360
360
320
320
120
320
320
320
280
320
320
320
320
360
320
320
280
360
320
320
320
320
200
120
320
120
320
320
320
320
320
320
360
280
120
320
320
320
320
120
320
200
120
200
320
320
320
440
120
160
320
320
320
160
320
440
360
120
320
320
320
320
320
320
320
160
320
320
320
320
320
120
320
320
120
320
120
320
320
120
320
320
120
320
160
160
320
320
320
160
320
320
320
320
320
320
320
320
120
320
320
320
160
320
320
320
160
320
320
120
320
120
320
320
320
320
320
320
320
320
160
320
320
320
320
120
320
320
320
320
160
320
320
320
320
320
320
160
320
320
320
120
320
320
320
320
320
320
320
320
320
320
320
160
320
120
320
320
320
120
160
120
320
320
320
320
320
320
320
120
320
320
320
160
320
120
320
320
120
160
320
120
320
120
320
160
320
120
160
120
320
320
320
120
320
320
320
120
320
320
320
160
320
320
320
320
320
320
320
320
160
320
320
320
320
320
120
160
320
320
120
320
320
120
320
320
320
320
320
320
320
120
320
440
320
320
160
320
440
320
320
320
120
320
320
320
120
320
320
320
440
320
320
320
320
320
320
160
320
320
320
320
320
160
320
320
120
320
320
320
120
320
120
320
120
320
320
120
320
160
320
160
320
320
320
320
320
320
320
320
320
320
320
320
320
120
160
320
320
320
320
320
320
320
360
320
320
320
320
320
320
320
320
320
320
320
320
320
320
320
320
160
320
120
320
320
320
320
320
320
320
320
320
320
320
320
320
120
320
320
320
320
320
320
320
120
120
320
320
320
320
320
320
320
160
320
320
320
320
320
320
320
320
320
320
320
320
120
320
320
120
320
320
320
320
160
320
120
320
320
320
320
320
320
160
320
160
320
320
120
320
160
320
320
320
320
120
360
320
320
120
360
120
320
320
120
120
120
320
320
320
320
360
320
320
320
320
320
360
320
120
320
320
320
320
320
320
200
320
320
320
320
320
120
320
120
320
120
320
160
320
320
320
320
320
320
320
320
320
320
200
320
320
320
320
360
320
320
320
320
320
120
320
160
320
320
120
320
120
120
320
120
320
320
120
320
120
320
320
320
320
320
320
120
320
160
320
120
320
320
320
360
320
320
360
320
320
320
320
320
200
320
280
320
320
320
440
120
320
320
280
360
320
120
320
320
160
120
160
320
320
320
320
320
320
120
320
320
320
320
320
320
200
320
320
320
320
320
200
120
320
320
320
320
320
320
320
320
320
320
120
320
320
160
320
320
320
120
320
320
320
320
320
320
320
320
320
320
120
320
320
160
320
320
320
160
320
320
320
160
320
120
320
320
320
160
320
320
160
320
320
120
320
320
160
320
320
120
120
320
120
320
320
120
320
320
320
320
320
320
120
320
320
320
320
320
160
320
320
120
120
320
120
160
120
320
320
320
160
160
320
160
320
320
320
120
160
320
320
160
320
320
120
320
120
320
320
320
320
320
320
160
320
320
320
320
320
320
320
120
320
320
120
160
320
320
320
320
320
320
320
120
320
320
320
320
120
320
320
320
320
320
320
320
120
120
320
320
160
160
320
320
320
320
320
320
160
320
320
320
320
320
320
320
320
320
320
320
320
320
160
320
320
120
320
320
320
160
320
320
160
320
320
320
320
320
320
320
160
320
320
320
320
320
160
320
320
320
320
320
320
320
320
160
320
320
120
320
320
320
120
320
320
320
120
320
320
320
320
160
120
320
160
320
120
320
320
320
120
320
120
320
120
320
320
320
160
320
120
320
320
320
160
320
320
120
120
320
320
320
320
320
320
320
320
160
320
320
160
160
320
320
320
320
320
120
320
320
320
320
120
120
320
320
320
320
120
320
120
320
320
120
320
320
320
320
320
320
320
320
320
320
320
320
320
320
320
320
320
160
320
160
320
320
320
320
320
320
280
160
320
160
120
320
320
320
320
320
320
320
320
320
320
320
320
320
320
320
320
160
320
320
160
320
160
320
320
320
320
320
320
120
320
120
320
320
160
320
120
320
320
320
320
120
320
320
320
320
160
320
320
320
320
320
120
320
320
320
320
320
320
320
320
320
320
120
320
160
320
320
320
320
320
160
320
320
320
320
120
320
320
160
120
320
320
320
320
320
320
320
320
320
320
320
320
320
320
320
320
120
320
320
320
120
320
320
160
